<?xml version="1.0" encoding="UTF-8"?>
<!-- Generated by org.testng.reporters.JUnitReportReporter -->
<testsuite hostname="sree" failures="0" tests="2" name="testCases.TC001_AccountRegistrationTest" time="6.944" errors="0" timestamp="2026-04-20T16:09:23 AEST" skipped="0">
  <testcase classname="testCases.TC001_AccountRegistrationTest" name="verify_account_registration" time="3.399"/>
  <testcase classname="testCases.TC001_AccountRegistrationTest" name="verify_account_registration" time="3.545"/>
</testsuite> <!-- testCases.TC001_AccountRegistrationTest -->
