<?xml version="1.0" encoding="UTF-8"?>
<testng-results ignored="0" total="2" passed="2" failed="0" skipped="0">
  <reporter-output>
  </reporter-output>
  <suite started-at="2026-04-20T16:09:15 AEST" name="Suite" finished-at="2026-04-20T16:09:22 AEST" duration-ms="7963">
    <groups>
    </groups>
    <test started-at="2026-04-20T16:09:15 AEST" name="chrometest" finished-at="2026-04-20T16:09:22 AEST" duration-ms="7257">
      <class name="testCases.TC001_AccountRegistrationTest">
        <test-method is-config="true" signature="setup(java.lang.String,java.lang.String)[pri:0, instance:testCases.TC001_AccountRegistrationTest@15dcfae7]" started-at="2026-04-20T16:09:15 AEST" name="setup" finished-at="2026-04-20T16:09:18 AEST" duration-ms="3737" status="PASS">
          <params>
            <param index="0">
              <value>
                <![CDATA[Windows]]>
              </value>
            </param>
            <param index="1">
              <value>
                <![CDATA[chrome]]>
              </value>
            </param>
          </params>
          <reporter-output>
          </reporter-output>
        </test-method> <!-- setup -->
        <test-method signature="verify_account_registration()[pri:0, instance:testCases.TC001_AccountRegistrationTest@15dcfae7]" started-at="2026-04-20T16:09:18 AEST" name="verify_account_registration" finished-at="2026-04-20T16:09:22 AEST" duration-ms="3399" status="PASS">
          <reporter-output>
          </reporter-output>
        </test-method> <!-- verify_account_registration -->
        <test-method is-config="true" signature="tearDown()[pri:0, instance:testCases.TC001_AccountRegistrationTest@15dcfae7]" started-at="2026-04-20T16:09:22 AEST" name="tearDown" finished-at="2026-04-20T16:09:22 AEST" duration-ms="76" status="PASS">
          <reporter-output>
          </reporter-output>
        </test-method> <!-- tearDown -->
      </class> <!-- testCases.TC001_AccountRegistrationTest -->
    </test> <!-- chrometest -->
    <test started-at="2026-04-20T16:09:15 AEST" name="edgetest" finished-at="2026-04-20T16:09:22 AEST" duration-ms="7963">
      <class name="testCases.TC001_AccountRegistrationTest">
        <test-method is-config="true" signature="setup(java.lang.String,java.lang.String)[pri:0, instance:testCases.TC001_AccountRegistrationTest@69653e16]" started-at="2026-04-20T16:09:15 AEST" name="setup" finished-at="2026-04-20T16:09:19 AEST" duration-ms="4298" status="PASS">
          <params>
            <param index="0">
              <value>
                <![CDATA[Windows]]>
              </value>
            </param>
            <param index="1">
              <value>
                <![CDATA[edge]]>
              </value>
            </param>
          </params>
          <reporter-output>
          </reporter-output>
        </test-method> <!-- setup -->
        <test-method signature="verify_account_registration()[pri:0, instance:testCases.TC001_AccountRegistrationTest@69653e16]" started-at="2026-04-20T16:09:19 AEST" name="verify_account_registration" finished-at="2026-04-20T16:09:22 AEST" duration-ms="3545" status="PASS">
          <reporter-output>
          </reporter-output>
        </test-method> <!-- verify_account_registration -->
        <test-method is-config="true" signature="tearDown()[pri:0, instance:testCases.TC001_AccountRegistrationTest@69653e16]" started-at="2026-04-20T16:09:22 AEST" name="tearDown" finished-at="2026-04-20T16:09:22 AEST" duration-ms="89" status="PASS">
          <reporter-output>
          </reporter-output>
        </test-method> <!-- tearDown -->
      </class> <!-- testCases.TC001_AccountRegistrationTest -->
    </test> <!-- edgetest -->
  </suite> <!-- Suite -->
</testng-results>
