<?xml version="1.0" encoding="UTF-8"?>
<!-- Generated by org.testng.reporters.JUnitXMLReporter -->
<testsuite ignored="0" hostname="sree" failures="0" tests="6" name="Test" time="1.191" errors="0" timestamp="2026-04-20T19:31:23 AEST">
  <testcase classname="testBase.BaseClass" name="@BeforeClass setup" time="0.012">
    <failure type="java.io.FileNotFoundException" message=".\src\test\resources\config.properties (The system cannot find the path specified)">
      <![CDATA[java.io.FileNotFoundException: .\src\test\resources\config.properties (The system cannot find the path specified)
at java.base/java.io.FileInputStream.open0(Native Method)
at java.base/java.io.FileInputStream.open(FileInputStream.java:213)
at java.base/java.io.FileInputStream.<init>(FileInputStream.java:152)
at java.base/java.io.FileInputStream.<init>(FileInputStream.java:106)
at java.base/java.io.FileReader.<init>(FileReader.java:60)
at testBase.BaseClass.setup(BaseClass.java:38)
at java.base/java.util.ArrayList.forEach(ArrayList.java:1596)
... Removed 23 stack frames]]>
    </failure>
  </testcase> <!-- @BeforeClass setup -->
  <testcase classname="testBase.BaseClass" name="@AfterClass tearDown" time="0.0">
    <skipped/>
  </testcase> <!-- @AfterClass tearDown -->
  <testcase classname="testBase.BaseClass" name="@BeforeClass setup" time="0.0">
    <failure type="java.io.FileNotFoundException" message=".\src\test\resources\config.properties (The system cannot find the path specified)">
      <![CDATA[java.io.FileNotFoundException: .\src\test\resources\config.properties (The system cannot find the path specified)
at java.base/java.io.FileInputStream.open0(Native Method)
at java.base/java.io.FileInputStream.open(FileInputStream.java:213)
at java.base/java.io.FileInputStream.<init>(FileInputStream.java:152)
at java.base/java.io.FileInputStream.<init>(FileInputStream.java:106)
at java.base/java.io.FileReader.<init>(FileReader.java:60)
at testBase.BaseClass.setup(BaseClass.java:38)
at java.base/java.util.ArrayList.forEach(ArrayList.java:1596)
... Removed 23 stack frames]]>
    </failure>
  </testcase> <!-- @BeforeClass setup -->
  <testcase classname="testBase.BaseClass" name="@AfterClass tearDown" time="0.0">
    <skipped/>
  </testcase> <!-- @AfterClass tearDown -->
  <testcase classname="testCases.TC_001_AccountRegistrationtTest" name="test_account_Registration" time="0.0">
    <skipped/>
  </testcase> <!-- test_account_Registration -->
  <testcase classname="testCases.TC_003_LoginDDT" name="verify_loginDDT" time="0.0">
    <skipped/>
  </testcase> <!-- verify_loginDDT -->
  <testcase classname="testCases.TC_003_LoginDDT" name="verify_loginDDT" time="0.0">
    <skipped/>
  </testcase> <!-- verify_loginDDT -->
  <testcase classname="testCases.TC_003_LoginDDT" name="verify_loginDDT" time="0.0">
    <skipped/>
  </testcase> <!-- verify_loginDDT -->
  <testcase classname="testCases.TC_003_LoginDDT" name="verify_loginDDT" time="0.0">
    <skipped/>
  </testcase> <!-- verify_loginDDT -->
  <testcase classname="testCases.TC_003_LoginDDT" name="verify_loginDDT" time="0.0">
    <skipped/>
  </testcase> <!-- verify_loginDDT -->
</testsuite> <!-- Test -->
