<?xml version="1.0" encoding="UTF-8"?>
<!-- Generated by org.testng.reporters.JUnitXMLReporter -->
<testsuite ignored="0" hostname="sree" failures="1" tests="1" name="Default test" time="0.078" errors="0" timestamp="2026-04-20T16:30:44 AEST">
  <testcase classname="testBase.BaseClass" name="@BeforeClass setup" time="-1.776666644932E9">
    <failure type="org.testng.TestNGException" message="
Parameter &amp;apos;os&amp;apos; is required by BeforeClass on method setup but has not been marked @Optional or defined
in C:\Users\sree\AppData\Local\Temp\testng-eclipse-853197624\testng-customsuite.xml">
      <![CDATA[org.testng.TestNGException: 
Parameter 'os' is required by BeforeClass on method setup but has not been marked @Optional or defined
in C:\Users\sree\AppData\Local\Temp\testng-eclipse-853197624\testng-customsuite.xml
at org.testng.internal.Parameters.createParams(Parameters.java:264)
at org.testng.internal.Parameters.createParametersForMethod(Parameters.java:352)
at org.testng.internal.Parameters.createParameters(Parameters.java:690)
at org.testng.internal.Parameters.createConfigurationParameters(Parameters.java:163)
at org.testng.internal.invokers.ConfigInvoker.invokeConfigurations(ConfigInvoker.java:313)
at org.testng.internal.invokers.TestMethodWorker.invokeBeforeClassMethods(TestMethodWorker.java:188)
at org.testng.internal.invokers.TestMethodWorker.run(TestMethodWorker.java:128)
at java.base/java.util.ArrayList.forEach(ArrayList.java:1596)
at org.testng.TestRunner.privateRun(TestRunner.java:744)
at org.testng.TestRunner.run(TestRunner.java:616)
at org.testng.SuiteRunner.runTest(SuiteRunner.java:421)
at org.testng.SuiteRunner.runSequentially(SuiteRunner.java:413)
at org.testng.SuiteRunner.privateRun(SuiteRunner.java:373)
at org.testng.SuiteRunner.run(SuiteRunner.java:312)
at org.testng.SuiteRunnerWorker.runSuite(SuiteRunnerWorker.java:52)
at org.testng.SuiteRunnerWorker.run(SuiteRunnerWorker.java:95)
at org.testng.TestNG.runSuitesSequentially(TestNG.java:1274)
at org.testng.TestNG.runSuitesLocally(TestNG.java:1208)
at org.testng.TestNG.runSuites(TestNG.java:1112)
at org.testng.TestNG.run(TestNG.java:1079)
at org.testng.remote.AbstractRemoteTestNG.run(AbstractRemoteTestNG.java:115)
at org.testng.remote.RemoteTestNG.initAndRun(RemoteTestNG.java:293)
at org.testng.remote.RemoteTestNG.main(RemoteTestNG.java:91)
]]>
    </failure>
  </testcase> <!-- @BeforeClass setup -->
  <testcase classname="testBase.BaseClass" name="@AfterClass tearDown" time="0.0">
    <skipped/>
  </testcase> <!-- @AfterClass tearDown -->
  <testcase classname="testCases.TC_003_LoginDDT" name="verify_loginDDT" time="0.0">
    <failure type="java.lang.RuntimeException" message="java.lang.Error: Unresolved compilation problems: 
	The import org.apache.poi cannot be resolved
	The import org.apache.poi cannot be resolved
	The import org.apache.poi cannot be resolved
	The import org.apache.poi cannot be resolved
	The import org.apache.poi cannot be resolved
	The import org.apache.poi cannot be resolved
	The import org.apache.poi cannot be resolved
	The import org.apache.poi cannot be resolved
	XSSFWorkbook cannot be resolved to a type
	XSSFSheet cannot be resolved to a type
	XSSFRow cannot be resolved to a type
	XSSFCell cannot be resolved to a type
	CellStyle cannot be resolved to a type
	XSSFWorkbook cannot be resolved to a type
	XSSFWorkbook cannot be resolved to a type
	XSSFSheet cannot be resolved to a type
	XSSFWorkbook cannot be resolved to a type
	XSSFSheet cannot be resolved to a type
	XSSFWorkbook cannot be resolved to a type
	XSSFWorkbook cannot be resolved to a type
	XSSFWorkbook cannot be resolved to a type
	XSSFSheet cannot be resolved to a type
	XSSFWorkbook cannot be resolved to a type
	XSSFRow cannot be resolved to a type
	XSSFSheet cannot be resolved to a type
	XSSFRow cannot be resolved to a type
	XSSFWorkbook cannot be resolved to a type
	XSSFWorkbook cannot be resolved to a type
	XSSFWorkbook cannot be resolved to a type
	XSSFSheet cannot be resolved to a type
	XSSFWorkbook cannot be resolved to a type
	XSSFRow cannot be resolved to a type
	XSSFSheet cannot be resolved to a type
	XSSFCell cannot be resolved to a type
	XSSFRow cannot be resolved to a type
	DataFormatter cannot be resolved to a type
	DataFormatter cannot be resolved to a type
	XSSFCell cannot be resolved to a type
	XSSFWorkbook cannot be resolved to a type
	XSSFWorkbook cannot be resolved to a type
	XSSFWorkbook cannot be resolved to a type
	XSSFWorkbook cannot be resolved to a type
	XSSFWorkbook cannot be resolved to a type
	XSSFWorkbook cannot be resolved to a type
	XSSFWorkbook cannot be resolved to a type
	XSSFWorkbook cannot be resolved to a type
	XSSFSheet cannot be resolved to a type
	XSSFWorkbook cannot be resolved to a type
	XSSFSheet cannot be resolved to a type
	XSSFSheet cannot be resolved to a type
	XSSFRow cannot be resolved to a type
	XSSFSheet cannot be resolved to a type
	XSSFCell cannot be resolved to a type
	XSSFRow cannot be resolved to a type
	XSSFCell cannot be resolved to a type
	XSSFWorkbook cannot be resolved to a type
	XSSFWorkbook cannot be resolved to a type
	XSSFWorkbook cannot be resolved to a type
	XSSFWorkbook cannot be resolved to a type
	XSSFSheet cannot be resolved to a type
	XSSFWorkbook cannot be resolved to a type
	XSSFRow cannot be resolved to a type
	XSSFSheet cannot be resolved to a type
	XSSFCell cannot be resolved to a type
	XSSFRow cannot be resolved to a type
	CellStyle cannot be resolved to a type
	XSSFWorkbook cannot be resolved to a type
	CellStyle cannot be resolved to a type
	IndexedColors cannot be resolved
	CellStyle cannot be resolved to a type
	FillPatternType cannot be resolved to a variable
	XSSFCell cannot be resolved to a type
	CellStyle cannot be resolved to a type
	XSSFWorkbook cannot be resolved to a type
	XSSFWorkbook cannot be resolved to a type
	XSSFWorkbook cannot be resolved to a type
	XSSFWorkbook cannot be resolved to a type
	XSSFSheet cannot be resolved to a type
	XSSFWorkbook cannot be resolved to a type
	XSSFRow cannot be resolved to a type
	XSSFSheet cannot be resolved to a type
	XSSFCell cannot be resolved to a type
	XSSFRow cannot be resolved to a type
	CellStyle cannot be resolved to a type
	XSSFWorkbook cannot be resolved to a type
	CellStyle cannot be resolved to a type
	IndexedColors cannot be resolved
	CellStyle cannot be resolved to a type
	FillPatternType cannot be resolved to a variable
	XSSFCell cannot be resolved to a type
	CellStyle cannot be resolved to a type
	XSSFWorkbook cannot be resolved to a type
	XSSFWorkbook cannot be resolved to a type
">
      <![CDATA[java.lang.RuntimeException: java.lang.Error: Unresolved compilation problems: 
The import org.apache.poi cannot be resolved
The import org.apache.poi cannot be resolved
The import org.apache.poi cannot be resolved
The import org.apache.poi cannot be resolved
The import org.apache.poi cannot be resolved
The import org.apache.poi cannot be resolved
The import org.apache.poi cannot be resolved
The import org.apache.poi cannot be resolved
XSSFWorkbook cannot be resolved to a type
XSSFSheet cannot be resolved to a type
XSSFRow cannot be resolved to a type
XSSFCell cannot be resolved to a type
CellStyle cannot be resolved to a type
XSSFWorkbook cannot be resolved to a type
XSSFWorkbook cannot be resolved to a type
XSSFSheet cannot be resolved to a type
XSSFWorkbook cannot be resolved to a type
XSSFSheet cannot be resolved to a type
XSSFWorkbook cannot be resolved to a type
XSSFWorkbook cannot be resolved to a type
XSSFWorkbook cannot be resolved to a type
XSSFSheet cannot be resolved to a type
XSSFWorkbook cannot be resolved to a type
XSSFRow cannot be resolved to a type
XSSFSheet cannot be resolved to a type
XSSFRow cannot be resolved to a type
XSSFWorkbook cannot be resolved to a type
XSSFWorkbook cannot be resolved to a type
XSSFWorkbook cannot be resolved to a type
XSSFSheet cannot be resolved to a type
XSSFWorkbook cannot be resolved to a type
XSSFRow cannot be resolved to a type
XSSFSheet cannot be resolved to a type
XSSFCell cannot be resolved to a type
XSSFRow cannot be resolved to a type
DataFormatter cannot be resolved to a type
DataFormatter cannot be resolved to a type
XSSFCell cannot be resolved to a type
XSSFWorkbook cannot be resolved to a type
XSSFWorkbook cannot be resolved to a type
XSSFWorkbook cannot be resolved to a type
XSSFWorkbook cannot be resolved to a type
XSSFWorkbook cannot be resolved to a type
XSSFWorkbook cannot be resolved to a type
XSSFWorkbook cannot be resolved to a type
XSSFWorkbook cannot be resolved to a type
XSSFSheet cannot be resolved to a type
XSSFWorkbook cannot be resolved to a type
XSSFSheet cannot be resolved to a type
XSSFSheet cannot be resolved to a type
XSSFRow cannot be resolved to a type
XSSFSheet cannot be resolved to a type
XSSFCell cannot be resolved to a type
XSSFRow cannot be resolved to a type
XSSFCell cannot be resolved to a type
XSSFWorkbook cannot be resolved to a type
XSSFWorkbook cannot be resolved to a type
XSSFWorkbook cannot be resolved to a type
XSSFWorkbook cannot be resolved to a type
XSSFSheet cannot be resolved to a type
XSSFWorkbook cannot be resolved to a type
XSSFRow cannot be resolved to a type
XSSFSheet cannot be resolved to a type
XSSFCell cannot be resolved to a type
XSSFRow cannot be resolved to a type
CellStyle cannot be resolved to a type
XSSFWorkbook cannot be resolved to a type
CellStyle cannot be resolved to a type
IndexedColors cannot be resolved
CellStyle cannot be resolved to a type
FillPatternType cannot be resolved to a variable
XSSFCell cannot be resolved to a type
CellStyle cannot be resolved to a type
XSSFWorkbook cannot be resolved to a type
XSSFWorkbook cannot be resolved to a type
XSSFWorkbook cannot be resolved to a type
XSSFWorkbook cannot be resolved to a type
XSSFSheet cannot be resolved to a type
XSSFWorkbook cannot be resolved to a type
XSSFRow cannot be resolved to a type
XSSFSheet cannot be resolved to a type
XSSFCell cannot be resolved to a type
XSSFRow cannot be resolved to a type
CellStyle cannot be resolved to a type
XSSFWorkbook cannot be resolved to a type
CellStyle cannot be resolved to a type
IndexedColors cannot be resolved
CellStyle cannot be resolved to a type
FillPatternType cannot be resolved to a variable
XSSFCell cannot be resolved to a type
CellStyle cannot be resolved to a type
XSSFWorkbook cannot be resolved to a type
XSSFWorkbook cannot be resolved to a type

at org.testng.internal.invokers.MethodInvocationHelper.invokeMethodNoCheckedException(MethodInvocationHelper.java:58)
at org.testng.internal.invokers.MethodInvocationHelper.invokeDataProvider(MethodInvocationHelper.java:159)
at org.testng.internal.Parameters.handleParameters(Parameters.java:809)
at org.testng.internal.Parameters.handleParameters(Parameters.java:734)
at org.testng.internal.invokers.ParameterHandler.handleParameters(ParameterHandler.java:72)
at org.testng.internal.invokers.ParameterHandler.createParameters(ParameterHandler.java:51)
at org.testng.internal.invokers.TestInvoker$MethodInvocationAgent.invoke(TestInvoker.java:959)
at org.testng.internal.invokers.TestInvoker.invokeTestMethods(TestInvoker.java:203)
at org.testng.internal.invokers.TestMethodWorker.invokeTestMethods(TestMethodWorker.java:154)
at org.testng.internal.invokers.TestMethodWorker.run(TestMethodWorker.java:134)
at java.base/java.util.ArrayList.forEach(ArrayList.java:1596)
at org.testng.TestRunner.privateRun(TestRunner.java:744)
at org.testng.TestRunner.run(TestRunner.java:616)
at org.testng.SuiteRunner.runTest(SuiteRunner.java:421)
at org.testng.SuiteRunner.runSequentially(SuiteRunner.java:413)
at org.testng.SuiteRunner.privateRun(SuiteRunner.java:373)
at org.testng.SuiteRunner.run(SuiteRunner.java:312)
at org.testng.SuiteRunnerWorker.runSuite(SuiteRunnerWorker.java:52)
at org.testng.SuiteRunnerWorker.run(SuiteRunnerWorker.java:95)
at org.testng.TestNG.runSuitesSequentially(TestNG.java:1274)
at org.testng.TestNG.runSuitesLocally(TestNG.java:1208)
at org.testng.TestNG.runSuites(TestNG.java:1112)
at org.testng.TestNG.run(TestNG.java:1079)
at org.testng.remote.AbstractRemoteTestNG.run(AbstractRemoteTestNG.java:115)
at org.testng.remote.RemoteTestNG.initAndRun(RemoteTestNG.java:293)
at org.testng.remote.RemoteTestNG.main(RemoteTestNG.java:91)
Caused by: java.lang.Error: Unresolved compilation problems: 
The import org.apache.poi cannot be resolved
The import org.apache.poi cannot be resolved
The import org.apache.poi cannot be resolved
The import org.apache.poi cannot be resolved
The import org.apache.poi cannot be resolved
The import org.apache.poi cannot be resolved
The import org.apache.poi cannot be resolved
The import org.apache.poi cannot be resolved
XSSFWorkbook cannot be resolved to a type
XSSFSheet cannot be resolved to a type
XSSFRow cannot be resolved to a type
XSSFCell cannot be resolved to a type
CellStyle cannot be resolved to a type
XSSFWorkbook cannot be resolved to a type
XSSFWorkbook cannot be resolved to a type
XSSFSheet cannot be resolved to a type
XSSFWorkbook cannot be resolved to a type
XSSFSheet cannot be resolved to a type
XSSFWorkbook cannot be resolved to a type
XSSFWorkbook cannot be resolved to a type
XSSFWorkbook cannot be resolved to a type
XSSFSheet cannot be resolved to a type
XSSFWorkbook cannot be resolved to a type
XSSFRow cannot be resolved to a type
XSSFSheet cannot be resolved to a type
XSSFRow cannot be resolved to a type
XSSFWorkbook cannot be resolved to a type
XSSFWorkbook cannot be resolved to a type
XSSFWorkbook cannot be resolved to a type
XSSFSheet cannot be resolved to a type
XSSFWorkbook cannot be resolved to a type
XSSFRow cannot be resolved to a type
XSSFSheet cannot be resolved to a type
XSSFCell cannot be resolved to a type
XSSFRow cannot be resolved to a type
DataFormatter cannot be resolved to a type
DataFormatter cannot be resolved to a type
XSSFCell cannot be resolved to a type
XSSFWorkbook cannot be resolved to a type
XSSFWorkbook cannot be resolved to a type
XSSFWorkbook cannot be resolved to a type
XSSFWorkbook cannot be resolved to a type
XSSFWorkbook cannot be resolved to a type
XSSFWorkbook cannot be resolved to a type
XSSFWorkbook cannot be resolved to a type
XSSFWorkbook cannot be resolved to a type
XSSFSheet cannot be resolved to a type
XSSFWorkbook cannot be resolved to a type
XSSFSheet cannot be resolved to a type
XSSFSheet cannot be resolved to a type
XSSFRow cannot be resolved to a type
XSSFSheet cannot be resolved to a type
XSSFCell cannot be resolved to a type
XSSFRow cannot be resolved to a type
XSSFCell cannot be resolved to a type
XSSFWorkbook cannot be resolved to a type
XSSFWorkbook cannot be resolved to a type
XSSFWorkbook cannot be resolved to a type
XSSFWorkbook cannot be resolved to a type
XSSFSheet cannot be resolved to a type
XSSFWorkbook cannot be resolved to a type
XSSFRow cannot be resolved to a type
XSSFSheet cannot be resolved to a type
XSSFCell cannot be resolved to a type
XSSFRow cannot be resolved to a type
CellStyle cannot be resolved to a type
XSSFWorkbook cannot be resolved to a type
CellStyle cannot be resolved to a type
IndexedColors cannot be resolved
CellStyle cannot be resolved to a type
FillPatternType cannot be resolved to a variable
XSSFCell cannot be resolved to a type
CellStyle cannot be resolved to a type
XSSFWorkbook cannot be resolved to a type
XSSFWorkbook cannot be resolved to a type
XSSFWorkbook cannot be resolved to a type
XSSFWorkbook cannot be resolved to a type
XSSFSheet cannot be resolved to a type
XSSFWorkbook cannot be resolved to a type
XSSFRow cannot be resolved to a type
XSSFSheet cannot be resolved to a type
XSSFCell cannot be resolved to a type
XSSFRow cannot be resolved to a type
CellStyle cannot be resolved to a type
XSSFWorkbook cannot be resolved to a type
CellStyle cannot be resolved to a type
IndexedColors cannot be resolved
CellStyle cannot be resolved to a type
FillPatternType cannot be resolved to a variable
XSSFCell cannot be resolved to a type
CellStyle cannot be resolved to a type
XSSFWorkbook cannot be resolved to a type
XSSFWorkbook cannot be resolved to a type

at utilities.ExcelUtility.<init>(ExcelUtility.java:8)
at utilities.DataProviders.getData(DataProviders.java:16)
at java.base/jdk.internal.reflect.DirectMethodHandleAccessor.invoke(DirectMethodHandleAccessor.java:103)
at java.base/java.lang.reflect.Method.invoke(Method.java:580)
at org.testng.internal.invokers.MethodInvocationHelper.invokeMethod(MethodInvocationHelper.java:141)
at org.testng.internal.invokers.MethodInvocationHelper.invokeMethod(MethodInvocationHelper.java:86)
at org.testng.internal.invokers.MethodInvocationHelper.invokeMethodNoCheckedException(MethodInvocationHelper.java:54)
... 25 more
]]>
    </failure>
  </testcase> <!-- verify_loginDDT -->
</testsuite> <!-- Default test -->
